Using pre-set license
Built from '2020.3/china_unity/release' branch; Version is '2020.3.3f1c1 (a34b99c2c582) revision 10701721'; Using compiler version '192528614'; Build Type 'Release'
OS: 'Windows 10 Home China; OS build 19042.1288; Version 2009; 64bit' Language: 'zh' Physical Memory: 16177 MB
BatchMode: 1, IsHumanControllingUs: 0, StartBugReporterOnCrash: 0, Is64bit: 1, IsPro: 0

 COMMAND LINE ARGUMENTS:
E:\2020.3.3f1c1\Editor\Unity.exe
-adb2
-batchMode
-noUpm
-name
AssetImportWorker0
-projectPath
C:/Users/ALW/Documents/GitHub/Mask/Metroid
-logFile
Logs/AssetImportWorker0.log
-srvPort
1123
Successfully changed project path to: C:/Users/ALW/Documents/GitHub/Mask/Metroid
C:/Users/ALW/Documents/GitHub/Mask/Metroid
Using Asset Import Pipeline V2.
Refreshing native plugins compatible for Editor in 52.07 ms, found 1 plugins.
Preloading 0 native plugins for Editor in 0.00 ms.
Initialize engine version: 2020.3.3f1c1 (a34b99c2c582)
[Subsystems] Discovering subsystems at path E:/2020.3.3f1c1/Editor/Data/Resources/UnitySubsystems
[Subsystems] Discovering subsystems at path C:/Users/ALW/Documents/GitHub/Mask/Metroid/Assets
GfxDevice: creating device client; threaded=0
Direct3D:
    Version:  Direct3D 11.0 [level 11.1]
    Renderer: NVIDIA GeForce GTX 1660 Ti (ID=0x2191)
    Vendor:   
    VRAM:     5991 MB
    Driver:   27.21.14.6663
Shader 'Universal Render Pipeline/Particles/Lit': fallback shader 'Universal Render Pipeline/Particles/SimpleLit' not found
Initialize mono
Mono path[0] = 'E:/2020.3.3f1c1/Editor/Data/Managed'
Mono path[1] = 'E:/2020.3.3f1c1/Editor/Data/MonoBleedingEdge/lib/mono/unityjit'
Mono config path = 'E:/2020.3.3f1c1/Editor/Data/MonoBleedingEdge/etc'
Using monoOptions --debugger-agent=transport=dt_socket,embedding=1,server=y,suspend=n,address=127.0.0.1:56164
Begin MonoManager ReloadAssembly
Registering precompiled unity dll's ...
Register platform support module: E:/2020.3.3f1c1/Editor/Data/PlaybackEngines/WindowsStandaloneSupport/UnityEditor.WindowsStandalone.Extensions.dll
Registered in 0.000936 seconds.
Native extension for WindowsStandalone target not found
Refreshing native plugins compatible for Editor in 50.75 ms, found 1 plugins.
Preloading 0 native plugins for Editor in 0.00 ms.
Invoked RoslynAnalysisRunner static constructor.
RoslynAnalysisRunner will not be running.
RoslynAnalysisRunner has terminated.
Mono: successfully reloaded assembly
- Completed reload, in  1.217 seconds
Platform modules already initialized, skipping
Registering precompiled user dll's ...
Registered in 0.001544 seconds.
Begin MonoManager ReloadAssembly
Native extension for WindowsStandalone target not found
Refreshing native plugins compatible for Editor in 53.41 ms, found 1 plugins.
Preloading 0 native plugins for Editor in 0.00 ms.
Invoked RoslynAnalysisRunner static constructor.
RoslynAnalysisRunner will not be running.
RoslynAnalysisRunner has terminated.
Mono: successfully reloaded assembly
- Completed reload, in  0.941 seconds
Platform modules already initialized, skipping
========================================================================
Worker process is ready to serve import requests
Shader 'Universal Render Pipeline/Particles/Lit': fallback shader 'Universal Render Pipeline/Particles/SimpleLit' not found
Launched and connected shader compiler UnityShaderCompiler.exe after 0.08 seconds
Refreshing native plugins compatible for Editor in 0.49 ms, found 1 plugins.
Preloading 0 native plugins for Editor in 0.00 ms.
Unloading 3134 Unused Serialized files (Serialized files now loaded: 0)
System memory in use before: 140.8 MB.
System memory in use after: 141.0 MB.

Unloading 21 unused Assets to reduce memory usage. Loaded Objects now: 3580.
Total: 2.682000 ms (FindLiveObjects: 0.355400 ms CreateObjectMapping: 0.310000 ms MarkObjects: 1.944000 ms  DeleteObjects: 0.071600 ms)

========================================================================
Received Import Request.
  path: Assets/Animation/Enemy Animation/react.anim
  artifactKey: Guid(da1a2a93eb031aa44a8aa3e98026cc06) Importer(815301076,1909f56bfc062723c751e8b465ee728b)
Start importing Assets/Animation/Enemy Animation/react.anim using Guid(da1a2a93eb031aa44a8aa3e98026cc06) Importer(815301076,1909f56bfc062723c751e8b465ee728b)  -> (artifact id: '6b739c3888be2b5e664b48ee32d3e7ad') in 0.030604 seconds
  Import took 0.035386 seconds .

========================================================================
Received Import Request.
  Time since last request: 0.000364 seconds.
  path: Assets/Animation/Enemy Animation/New Animation.anim
  artifactKey: Guid(e24b5c0dc587f554698aec5ffb3016e6) Importer(815301076,1909f56bfc062723c751e8b465ee728b)
Start importing Assets/Animation/Enemy Animation/New Animation.anim using Guid(e24b5c0dc587f554698aec5ffb3016e6) Importer(815301076,1909f56bfc062723c751e8b465ee728b)  -> (artifact id: '99bc5b9ee94349b7b832055e7ea0cb39') in 0.008807 seconds
  Import took 0.016133 seconds .

========================================================================
Received Import Request.
  Time since last request: 0.000346 seconds.
  path: Assets/Animation/Enemy Animation/New Animator Controller.controller
  artifactKey: Guid(49f5d96cc9f3f8145ad6b5b3922b8b9c) Importer(815301076,1909f56bfc062723c751e8b465ee728b)
Start importing Assets/Animation/Enemy Animation/New Animator Controller.controller using Guid(49f5d96cc9f3f8145ad6b5b3922b8b9c) Importer(815301076,1909f56bfc062723c751e8b465ee728b)  -> (artifact id: '9be2b74282b15bf4eb6615848d64a0a6') in 0.012583 seconds
  Import took 0.018205 seconds .

========================================================================
Received Prepare
Shader 'Universal Render Pipeline/Particles/Lit': fallback shader 'Universal Render Pipeline/Particles/SimpleLit' not found
Refreshing native plugins compatible for Editor in 1.94 ms, found 1 plugins.
Preloading 0 native plugins for Editor in 0.00 ms.
Unloading 6 Unused Serialized files (Serialized files now loaded: 0)
System memory in use before: 73.6 MB.
System memory in use after: 73.8 MB.

Unloading 6 unused Assets to reduce memory usage. Loaded Objects now: 3580.
Total: 3.132100 ms (FindLiveObjects: 0.411600 ms CreateObjectMapping: 0.228000 ms MarkObjects: 2.470500 ms  DeleteObjects: 0.020900 ms)

========================================================================
Received Import Request.
  Time since last request: 98.274030 seconds.
  path: Assets/Warped Caves/Artwork/Sprites/enemies/crab-idle/crab-idle-1.png
  artifactKey: Guid(5d40a4b44d03b384fa0c08c2298d6f88) Importer(815301076,1909f56bfc062723c751e8b465ee728b)
Start importing Assets/Warped Caves/Artwork/Sprites/enemies/crab-idle/crab-idle-1.png using Guid(5d40a4b44d03b384fa0c08c2298d6f88) Importer(815301076,1909f56bfc062723c751e8b465ee728b)  -> (artifact id: 'b6091963c38cb3e01b6ff689459c8056') in 0.075561 seconds
  Import took 0.081827 seconds .

========================================================================
Received Import Request.
  Time since last request: 0.000356 seconds.
  path: Assets/Warped Caves/Artwork/Sprites/enemies/crab-idle/crab-idle-3.png
  artifactKey: Guid(73f67af8124e5433dae031c9bb4f6c86) Importer(815301076,1909f56bfc062723c751e8b465ee728b)
Start importing Assets/Warped Caves/Artwork/Sprites/enemies/crab-idle/crab-idle-3.png using Guid(73f67af8124e5433dae031c9bb4f6c86) Importer(815301076,1909f56bfc062723c751e8b465ee728b)  -> (artifact id: 'e6e7ff791505d6cf982384724452f6a1') in 0.016549 seconds
  Import took 0.021515 seconds .

========================================================================
Received Import Request.
  Time since last request: 0.000458 seconds.
  path: Assets/Warped Caves/Artwork/Sprites/enemies/crab-idle/crab-idle-4.png
  artifactKey: Guid(d0715c44db0ea459c93a7c9aa2c500e5) Importer(815301076,1909f56bfc062723c751e8b465ee728b)
Start importing Assets/Warped Caves/Artwork/Sprites/enemies/crab-idle/crab-idle-4.png using Guid(d0715c44db0ea459c93a7c9aa2c500e5) Importer(815301076,1909f56bfc062723c751e8b465ee728b)  -> (artifact id: '54ca4f526ac56c7dbf7364d312d10fcc') in 0.014034 seconds
  Import took 0.019113 seconds .

========================================================================
Received Import Request.
  Time since last request: 0.000352 seconds.
  path: Assets/Warped Caves/Artwork/Sprites/enemies/crab-idle/crab-idle-2.png
  artifactKey: Guid(70d35059272a84b34bbaa9e365699821) Importer(815301076,1909f56bfc062723c751e8b465ee728b)
Start importing Assets/Warped Caves/Artwork/Sprites/enemies/crab-idle/crab-idle-2.png using Guid(70d35059272a84b34bbaa9e365699821) Importer(815301076,1909f56bfc062723c751e8b465ee728b)  -> (artifact id: 'babae356d17c8090e987dbeeb90c379a') in 0.015760 seconds
  Import took 0.021053 seconds .

========================================================================
Received Import Request.
  Time since last request: 0.000994 seconds.
  path: Assets/Warped Caves/Artwork/Sprites/enemies/crab-idle/crab-idle-4.png
  artifactKey: Guid(d0715c44db0ea459c93a7c9aa2c500e5) Importer(815301076,1909f56bfc062723c751e8b465ee728b)
Start importing Assets/Warped Caves/Artwork/Sprites/enemies/crab-idle/crab-idle-4.png using Guid(d0715c44db0ea459c93a7c9aa2c500e5) Importer(815301076,1909f56bfc062723c751e8b465ee728b)  -> (artifact id: '54ca4f526ac56c7dbf7364d312d10fcc') in 0.008607 seconds
  Import took 0.013458 seconds .

========================================================================
Received Prepare
Registering precompiled user dll's ...
Registered in 0.001966 seconds.
Begin MonoManager ReloadAssembly
Native extension for WindowsStandalone target not found
Refreshing native plugins compatible for Editor in 0.50 ms, found 1 plugins.
Preloading 0 native plugins for Editor in 0.00 ms.
Invoked RoslynAnalysisRunner static constructor.
RoslynAnalysisRunner will not be running.
RoslynAnalysisRunner has terminated.
Mono: successfully reloaded assembly
- Completed reload, in  0.878 seconds
Platform modules already initialized, skipping
Shader 'Universal Render Pipeline/Particles/Lit': fallback shader 'Universal Render Pipeline/Particles/SimpleLit' not found
Refreshing native plugins compatible for Editor in 0.51 ms, found 1 plugins.
Preloading 0 native plugins for Editor in 0.00 ms.
Unloading 3018 Unused Serialized files (Serialized files now loaded: 0)
System memory in use before: 136.3 MB.
System memory in use after: 136.5 MB.

Unloading 9 unused Assets to reduce memory usage. Loaded Objects now: 3590.
Total: 2.423800 ms (FindLiveObjects: 0.258200 ms CreateObjectMapping: 0.190200 ms MarkObjects: 1.955600 ms  DeleteObjects: 0.018500 ms)

AssetImportWorkerClient::OnTransportError - code=2 error=End of file
